(venv) ➜  layoutLM git:(main) ✗ /Users/dannybunschoten/Documents/layoutLM/venv/bin/python main.py
2025-04-03 14:46:53.831 python[22778:6243271] +[IMKClient subclass]: chose IMKClient_Modern
2025-04-03 14:46:53.831 python[22778:6243271] +[IMKInputSession subclass]: chose IMKInputSession_Modern

=== DEBUGGING TRAINING DATA PREPARATION ===

Document 0: 20250319_R01886-NDT-Request.pdf

  Page 0 - 130 boxes
  Created label dictionary with 3 labeled boxes

Document 1: 20250319_R01887-NDT-Request.pdf

  Page 0 - 130 boxes
  Created label dictionary with 3 labeled boxes

Document 2: 20250319_R01888-NDT-Request.pdf

  Page 0 - 126 boxes
  Created label dictionary with 3 labeled boxes

Total examples created: 3
=== END DEBUGGING ===


=== DEBUGGING LABEL MAPPINGS ===
All unique labels: ['O', 'external project number', 'internal project number', 'request number']
Ordered label list: ['O', 'external project number', 'internal project number', 'request number']
id2label mapping:
  0: 'O'
  1: 'external project number'
  2: 'internal project number'
  3: 'request number'
label2id mapping:
  'O': 0
  'external project number': 1
  'internal project number': 2
  'request number': 3
=== END DEBUGGING ===

Map:   0%|                                                                                                                            | 0/3 [00:00<?, ? examples/s]prepare_examples called with 3 examples
Processing image 0
  Processor output keys: ['input_ids', 'attention_mask', 'bbox', 'pixel_values']
  Shapes: pixel_values=torch.Size([1, 3, 224, 224]), input_ids=torch.Size([1, 289]), attention_mask=torch.Size([1, 289]), bbox=torch.Size([1, 289, 4])
  Successfully processed image 0, sequence length: 289
Processing image 1
huggingface/tokenizers: The current process just got forked, after parallelism has already been used. Disabling parallelism to avoid deadlocks...
To disable this warning, you can either:
        - Avoid using `tokenizers` before the fork if possible
        - Explicitly set the environment variable TOKENIZERS_PARALLELISM=(true | false)
  Processor output keys: ['input_ids', 'attention_mask', 'bbox', 'pixel_values']
  Shapes: pixel_values=torch.Size([1, 3, 224, 224]), input_ids=torch.Size([1, 289]), attention_mask=torch.Size([1, 289]), bbox=torch.Size([1, 289, 4])
  Successfully processed image 1, sequence length: 289
Processing image 2
huggingface/tokenizers: The current process just got forked, after parallelism has already been used. Disabling parallelism to avoid deadlocks...
To disable this warning, you can either:
        - Avoid using `tokenizers` before the fork if possible
        - Explicitly set the environment variable TOKENIZERS_PARALLELISM=(true | false)
  Processor output keys: ['input_ids', 'attention_mask', 'bbox', 'pixel_values']
  Shapes: pixel_values=torch.Size([1, 3, 224, 224]), input_ids=torch.Size([1, 274]), attention_mask=torch.Size([1, 274]), bbox=torch.Size([1, 274, 4])
  Successfully processed image 2, sequence length: 274
Number of processed examples: 3
Example 0 lengths: input_ids=289, attention_mask=289, bbox=289, labels=289
Example 1 lengths: input_ids=289, attention_mask=289, bbox=289, labels=289
Example 2 lengths: input_ids=274, attention_mask=274, bbox=274, labels=274
Max sequence length: 289
Map: 100%|████████████████████████████████████████████████████████████████████████████████████████████████████████████████████| 3/3 [00:01<00:00,  1.60 examples/s]
Some weights of LayoutLMv3ForTokenClassification were not initialized from the model checkpoint at microsoft/layoutlmv3-base and are newly initialized: ['classifier.bias', 'classifier.weight']
You should probably TRAIN this model on a down-stream task to be able to use it for predictions and inference.
/Users/dannybunschoten/Documents/layoutLM/venv/lib/python3.12/site-packages/transformers/training_args.py:1611: FutureWarning: `evaluation_strategy` is deprecated and will be removed in version 4.46 of 🤗 Transformers. Use `eval_strategy` instead
  warnings.warn(
/Users/dannybunschoten/Documents/layoutLM/models/train_model.py:463: FutureWarning: `tokenizer` is deprecated and will be removed in version 5.0.0 for `Trainer.__init__`. Use `processing_class` instead.
  trainer = Trainer(
  0%|                                                                                                                                        | 0/6 [00:00<?, ?it/s]/Users/dannybunschoten/Documents/layoutLM/venv/lib/python3.12/site-packages/transformers/modeling_utils.py:1589: FutureWarning: The `device` argument is deprecated and will be removed in v5 of Transformers.
  warnings.warn(
 33%|██████████████████████████████████████████▋                                                                                     | 2/6 [00:01<00:03,  1.31it/s]Epoch completed.
/Users/dannybunschoten/Documents/layoutLM/venv/lib/python3.12/site-packages/transformers/modeling_utils.py:1589: FutureWarning: The `device` argument is deprecated and will be removed in v5 of Transformers.
  warnings.warn(
 67%|█████████████████████████████████████████████████████████████████████████████████████▎                                          | 4/6 [00:04<00:02,  1.11s/it]Epoch completed.
/Users/dannybunschoten/Documents/layoutLM/venv/lib/python3.12/site-packages/transformers/modeling_utils.py:1589: FutureWarning: The `device` argument is deprecated and will be removed in v5 of Transformers.
  warnings.warn(
100%|████████████████████████████████████████████████████████████████████████████████████████████████████████████████████████████████| 6/6 [00:07<00:00,  1.25s/it]Epoch completed.
{'train_runtime': 9.5142, 'train_samples_per_second': 0.946, 'train_steps_per_second': 0.631, 'train_loss': 0.36054980754852295, 'epoch': 3.0}                     
100%|████████████████████████████████████████████████████████████████████████████████████████████████████████████████████████████████| 6/6 [00:09<00:00,  1.59s/it]
huggingface/tokenizers: The current process just got forked, after parallelism has already been used. Disabling parallelism to avoid deadlocks...
To disable this warning, you can either:
        - Avoid using `tokenizers` before the fork if possible
        - Explicitly set the environment variable TOKENIZERS_PARALLELISM=(true | false)
huggingface/tokenizers: The current process just got forked, after parallelism has already been used. Disabling parallelism to avoid deadlocks...
To disable this warning, you can either:
        - Avoid using `tokenizers` before the fork if possible
        - Explicitly set the environment variable TOKENIZERS_PARALLELISM=(true | false)
huggingface/tokenizers: The current process just got forked, after parallelism has already been used. Disabling parallelism to avoid deadlocks...
To disable this warning, you can either:
        - Avoid using `tokenizers` before the fork if possible
        - Explicitly set the environment variable TOKENIZERS_PARALLELISM=(true | false)
huggingface/tokenizers: The current process just got forked, after parallelism has already been used. Disabling parallelism to avoid deadlocks...
To disable this warning, you can either:
        - Avoid using `tokenizers` before the fork if possible
        - Explicitly set the environment variable TOKENIZERS_PARALLELISM=(true | false)
/Users/dannybunschoten/Documents/layoutLM/venv/lib/python3.12/site-packages/transformers/modeling_utils.py:1589: FutureWarning: The `device` argument is deprecated and will be removed in v5 of Transformers.
  warnings.warn(
^CTraceback (most recent call last):
  File "/Users/dannybunschoten/Documents/layoutLM/ui/model_prediction.py", line 209, in prediction_finished
    QMessageBox.critical(self, "Prediction Error", message)
KeyboardInterrupt
[1]    22778 abort      /Users/dannybunschoten/Documents/layoutLM/venv/bin/python main.py
/Users/dannybunschoten/.pyenv/versions/3.12.5/lib/python3.12/multiprocessing/resource_tracker.py:254: UserWarning: resource_tracker: There appear to be 1 leaked semaphore objects to clean up at shutdown
  warnings.warn('resource_tracker: There appear to be %d '
(venv) ➜  layoutLM git:(main) ✗ 